Started GET "/" for ::1 at 2019-04-25 11:47:16 +1000
Processing by Rails::WelcomeController#index as HTML
  Rendering /var/lib/gems/2.5.0/gems/railties-5.2.3/lib/rails/templates/rails/welcome/index.html.erb
  Rendered /var/lib/gems/2.5.0/gems/railties-5.2.3/lib/rails/templates/rails/welcome/index.html.erb (28.4ms)
Completed 200 OK in 361ms (Views: 226.8ms | ActiveRecord: 0.0ms)


Started GET "/" for ::1 at 2019-04-25 11:48:58 +1000
Processing by Rails::WelcomeController#index as HTML
  Rendering /var/lib/gems/2.5.0/gems/railties-5.2.3/lib/rails/templates/rails/welcome/index.html.erb
  Rendered /var/lib/gems/2.5.0/gems/railties-5.2.3/lib/rails/templates/rails/welcome/index.html.erb (11.2ms)
Completed 200 OK in 51ms (Views: 27.5ms | ActiveRecord: 0.0ms)


Started GET "/" for ::1 at 2019-04-25 11:51:15 +1000
Processing by Rails::WelcomeController#index as HTML
  Rendering /var/lib/gems/2.5.0/gems/railties-5.2.3/lib/rails/templates/rails/welcome/index.html.erb
  Rendered /var/lib/gems/2.5.0/gems/railties-5.2.3/lib/rails/templates/rails/welcome/index.html.erb (9.9ms)
Completed 200 OK in 47ms (Views: 23.8ms | ActiveRecord: 0.0ms)


  [1m[35m (0.3ms)[0m  [1m[34mSELECT sqlite_version(*)[0m
  ↳ bin/rails:9
  [1m[35m (137.1ms)[0m  [1m[35mCREATE TABLE "schema_migrations" ("version" varchar NOT NULL PRIMARY KEY)[0m
  ↳ bin/rails:9
  [1m[35m (47.2ms)[0m  [1m[35mCREATE TABLE "ar_internal_metadata" ("key" varchar NOT NULL PRIMARY KEY, "value" varchar, "created_at" datetime NOT NULL, "updated_at" datetime NOT NULL)[0m
  ↳ bin/rails:9
  [1m[35m (1.0ms)[0m  [1m[34mSELECT "schema_migrations"."version" FROM "schema_migrations" ORDER BY "schema_migrations"."version" ASC[0m
  ↳ bin/rails:9
Migrating to CreateAuthors (20190425015454)
  [1m[35m (0.2ms)[0m  [1m[36mbegin transaction[0m
  ↳ bin/rails:9
  [1m[35m (4.1ms)[0m  [1m[35mCREATE TABLE "authors" ("id" integer PRIMARY KEY AUTOINCREMENT NOT NULL, "name" varchar, "url_image" varchar, "created_at" datetime NOT NULL, "updated_at" datetime NOT NULL)[0m
  ↳ db/migrate/20190425015454_create_authors.rb:3
  [1m[36mActiveRecord::SchemaMigration Create (0.8ms)[0m  [1m[32mINSERT INTO "schema_migrations" ("version") VALUES (?)[0m  [["version", "20190425015454"]]
  ↳ bin/rails:9
  [1m[35m (98.3ms)[0m  [1m[36mcommit transaction[0m
  ↳ bin/rails:9
  [1m[36mActiveRecord::InternalMetadata Load (1.0ms)[0m  [1m[34mSELECT  "ar_internal_metadata".* FROM "ar_internal_metadata" WHERE "ar_internal_metadata"."key" = ? LIMIT ?[0m  [["key", "environment"], ["LIMIT", 1]]
  ↳ bin/rails:9
  [1m[35m (0.2ms)[0m  [1m[36mbegin transaction[0m
  ↳ bin/rails:9
  [1m[36mActiveRecord::InternalMetadata Create (3.5ms)[0m  [1m[32mINSERT INTO "ar_internal_metadata" ("key", "value", "created_at", "updated_at") VALUES (?, ?, ?, ?)[0m  [["key", "environment"], ["value", "development"], ["created_at", "2019-04-25 01:59:11.950629"], ["updated_at", "2019-04-25 01:59:11.950629"]]
  ↳ bin/rails:9
  [1m[35m (44.2ms)[0m  [1m[36mcommit transaction[0m
  ↳ bin/rails:9
  [1m[35m (1.7ms)[0m  [1m[34mSELECT "schema_migrations"."version" FROM "schema_migrations" ORDER BY "schema_migrations"."version" ASC[0m
  ↳ bin/rails:9
  [1m[35m (0.3ms)[0m  [1m[36mbegin transaction[0m
  [1m[36mAuthor Create (4.8ms)[0m  [1m[32mINSERT INTO "authors" ("name", "created_at", "updated_at") VALUES (?, ?, ?)[0m  [["name", "J.K Rowling"], ["created_at", "2019-04-25 02:00:28.602788"], ["updated_at", "2019-04-25 02:00:28.602788"]]
  [1m[35m (73.3ms)[0m  [1m[36mcommit transaction[0m
  [1m[36mAuthor Load (1.1ms)[0m  [1m[34mSELECT  "authors".* FROM "authors" LIMIT ?[0m  [["LIMIT", 11]]
Started GET "/" for ::1 at 2019-04-25 12:21:00 +1000
  [1m[35m (1.0ms)[0m  [1m[34mSELECT "schema_migrations"."version" FROM "schema_migrations" ORDER BY "schema_migrations"."version" ASC[0m
  ↳ /var/lib/gems/2.5.0/gems/activerecord-5.2.3/lib/active_record/log_subscriber.rb:98
Processing by Rails::WelcomeController#index as HTML
  Rendering /var/lib/gems/2.5.0/gems/railties-5.2.3/lib/rails/templates/rails/welcome/index.html.erb
  Rendered /var/lib/gems/2.5.0/gems/railties-5.2.3/lib/rails/templates/rails/welcome/index.html.erb (8.9ms)
Completed 200 OK in 41ms (Views: 21.6ms | ActiveRecord: 0.0ms)


Started GET "/authors" for ::1 at 2019-04-25 12:21:26 +1000
Processing by AuthorsController#index as HTML
Completed 406 Not Acceptable in 717ms (ActiveRecord: 0.0ms)


  
ActionController::UnknownFormat (AuthorsController#index is missing a template for this request format and variant.

request.formats: ["text/html"]
request.variant: []

NOTE! For XHR/Ajax or API requests, this action would normally respond with 204 No Content: an empty white screen. Since you're loading it in a web browser, we assume that you expected to actually render a template, not nothing, so we're showing an error to be extra-clear. If you expect 204 No Content, carry on. That's what you'll get from an XHR or API request. Give it a shot.):
  
actionpack (5.2.3) lib/action_controller/metal/implicit_render.rb:55:in `default_render'
actionpack (5.2.3) lib/action_controller/metal/basic_implicit_render.rb:6:in `block in send_action'
actionpack (5.2.3) lib/action_controller/metal/basic_implicit_render.rb:6:in `tap'
actionpack (5.2.3) lib/action_controller/metal/basic_implicit_render.rb:6:in `send_action'
actionpack (5.2.3) lib/abstract_controller/base.rb:194:in `process_action'
actionpack (5.2.3) lib/action_controller/metal/rendering.rb:30:in `process_action'
actionpack (5.2.3) lib/abstract_controller/callbacks.rb:42:in `block in process_action'
activesupport (5.2.3) lib/active_support/callbacks.rb:132:in `run_callbacks'
actionpack (5.2.3) lib/abstract_controller/callbacks.rb:41:in `process_action'
actionpack (5.2.3) lib/action_controller/metal/rescue.rb:22:in `process_action'
actionpack (5.2.3) lib/action_controller/metal/instrumentation.rb:34:in `block in process_action'
activesupport (5.2.3) lib/active_support/notifications.rb:168:in `block in instrument'
activesupport (5.2.3) lib/active_support/notifications/instrumenter.rb:23:in `instrument'
activesupport (5.2.3) lib/active_support/notifications.rb:168:in `instrument'
actionpack (5.2.3) lib/action_controller/metal/instrumentation.rb:32:in `process_action'
actionpack (5.2.3) lib/action_controller/metal/params_wrapper.rb:256:in `process_action'
activerecord (5.2.3) lib/active_record/railties/controller_runtime.rb:24:in `process_action'
actionpack (5.2.3) lib/abstract_controller/base.rb:134:in `process'
actionview (5.2.3) lib/action_view/rendering.rb:32:in `process'
actionpack (5.2.3) lib/action_controller/metal.rb:191:in `dispatch'
actionpack (5.2.3) lib/action_controller/metal.rb:252:in `dispatch'
actionpack (5.2.3) lib/action_dispatch/routing/route_set.rb:52:in `dispatch'
actionpack (5.2.3) lib/action_dispatch/routing/route_set.rb:34:in `serve'
actionpack (5.2.3) lib/action_dispatch/journey/router.rb:52:in `block in serve'
actionpack (5.2.3) lib/action_dispatch/journey/router.rb:35:in `each'
actionpack (5.2.3) lib/action_dispatch/journey/router.rb:35:in `serve'
actionpack (5.2.3) lib/action_dispatch/routing/route_set.rb:840:in `call'
rack (2.0.7) lib/rack/tempfile_reaper.rb:15:in `call'
rack (2.0.7) lib/rack/etag.rb:25:in `call'
rack (2.0.7) lib/rack/conditional_get.rb:25:in `call'
rack (2.0.7) lib/rack/head.rb:12:in `call'
actionpack (5.2.3) lib/action_dispatch/http/content_security_policy.rb:18:in `call'
rack (2.0.7) lib/rack/session/abstract/id.rb:232:in `context'
rack (2.0.7) lib/rack/session/abstract/id.rb:226:in `call'
actionpack (5.2.3) lib/action_dispatch/middleware/cookies.rb:670:in `call'
activerecord (5.2.3) lib/active_record/migration.rb:559:in `call'
actionpack (5.2.3) lib/action_dispatch/middleware/callbacks.rb:28:in `block in call'
activesupport (5.2.3) lib/active_support/callbacks.rb:98:in `run_callbacks'
actionpack (5.2.3) lib/action_dispatch/middleware/callbacks.rb:26:in `call'
actionpack (5.2.3) lib/action_dispatch/middleware/executor.rb:14:in `call'
actionpack (5.2.3) lib/action_dispatch/middleware/debug_exceptions.rb:61:in `call'
web-console (3.7.0) lib/web_console/middleware.rb:135:in `call_app'
web-console (3.7.0) lib/web_console/middleware.rb:30:in `block in call'
web-console (3.7.0) lib/web_console/middleware.rb:20:in `catch'
web-console (3.7.0) lib/web_console/middleware.rb:20:in `call'
actionpack (5.2.3) lib/action_dispatch/middleware/show_exceptions.rb:33:in `call'
railties (5.2.3) lib/rails/rack/logger.rb:38:in `call_app'
railties (5.2.3) lib/rails/rack/logger.rb:26:in `block in call'
activesupport (5.2.3) lib/active_support/tagged_logging.rb:71:in `block in tagged'
activesupport (5.2.3) lib/active_support/tagged_logging.rb:28:in `tagged'
activesupport (5.2.3) lib/active_support/tagged_logging.rb:71:in `tagged'
railties (5.2.3) lib/rails/rack/logger.rb:26:in `call'
sprockets-rails (3.2.1) lib/sprockets/rails/quiet_assets.rb:13:in `call'
actionpack (5.2.3) lib/action_dispatch/middleware/remote_ip.rb:81:in `call'
actionpack (5.2.3) lib/action_dispatch/middleware/request_id.rb:27:in `call'
rack (2.0.7) lib/rack/method_override.rb:22:in `call'
rack (2.0.7) lib/rack/runtime.rb:22:in `call'
activesupport (5.2.3) lib/active_support/cache/strategy/local_cache_middleware.rb:29:in `call'
actionpack (5.2.3) lib/action_dispatch/middleware/executor.rb:14:in `call'
actionpack (5.2.3) lib/action_dispatch/middleware/static.rb:127:in `call'
rack (2.0.7) lib/rack/sendfile.rb:111:in `call'
railties (5.2.3) lib/rails/engine.rb:524:in `call'
puma (3.12.1) lib/puma/configuration.rb:227:in `call'
puma (3.12.1) lib/puma/server.rb:660:in `handle_request'
puma (3.12.1) lib/puma/server.rb:474:in `process_client'
puma (3.12.1) lib/puma/server.rb:334:in `block in run'
puma (3.12.1) lib/puma/thread_pool.rb:135:in `block in spawn_thread'
Started GET "/authors" for ::1 at 2019-04-25 12:30:05 +1000
Processing by AuthorsController#index as HTML
  Rendering authors/index.html.erb within layouts/application
  Rendered authors/index.html.erb within layouts/application (706.5ms)
Completed 500 Internal Server Error in 757ms (ActiveRecord: 0.0ms)


  
ActionView::Template::Error (undefined local variable or method `authors' for #<#<Class:0x00007ffff4253bd0>:0x00007ffff47d0248>
Did you mean?  @authors):
    1: <h2>Authors</h2>
    2: <%= authors %>
  
app/views/authors/index.html.erb:2:in `_app_views_authors_index_html_erb__3049597421853730377_70368644744900'
Started GET "/authors" for ::1 at 2019-04-25 12:30:17 +1000
Processing by AuthorsController#index as HTML
  Rendering authors/index.html.erb within layouts/application
  Rendered authors/index.html.erb within layouts/application (635.7ms)
Completed 500 Internal Server Error in 689ms (ActiveRecord: 0.0ms)


  
ActionView::Template::Error (undefined local variable or method `authors' for #<#<Class:0x00007ffff4253bd0>:0x00007ffff5ccbc60>
Did you mean?  @authors):
    1: <h2>Authors</h2>
    2: <% authors %>
  
app/views/authors/index.html.erb:2:in `_app_views_authors_index_html_erb__3049597421853730377_70368658624120'
Started GET "/authors" for ::1 at 2019-04-25 12:30:29 +1000
Processing by AuthorsController#index as HTML
  Rendering authors/index.html.erb within layouts/application
  Rendered authors/index.html.erb within layouts/application (0.8ms)
Completed 200 OK in 6943ms (Views: 6918.5ms | ActiveRecord: 0.0ms)


Started GET "/authors" for ::1 at 2019-04-25 12:34:14 +1000
Processing by AuthorsController#index as HTML
  Rendering authors/index.html.erb within layouts/application
  Rendered authors/index.html.erb within layouts/application (0.8ms)
Completed 200 OK in 143ms (Views: 124.1ms | ActiveRecord: 0.0ms)


Started GET "/authors" for ::1 at 2019-04-25 12:35:19 +1000
Processing by AuthorsController#index as HTML
  Rendering authors/index.html.erb within layouts/application
  Rendered authors/index.html.erb within layouts/application (1.5ms)
Completed 500 Internal Server Error in 58ms (ActiveRecord: 0.0ms)


  
SyntaxError (/mnt/c/Users/RumaPC/repos/coder_academy/ruby-challenges/projects/rails/amazing_bookstore/app/views/authors/index.html.erb:4: syntax error, unexpected keyword_end
...eze;@output_buffer.append=( end );
...                            ^~~
/mnt/c/Users/RumaPC/repos/coder_academy/ruby-challenges/projects/rails/amazing_bookstore/app/views/authors/index.html.erb:6: syntax error, unexpected keyword_ensure, expecting ')'
          ensure
          ^~~~~~
/mnt/c/Users/RumaPC/repos/coder_academy/ruby-challenges/projects/rails/amazing_bookstore/app/views/authors/index.html.erb:8: syntax error, unexpected keyword_end, expecting ')'
          end
          ^~~):
  
app/views/authors/index.html.erb:4: syntax error, unexpected keyword_end
app/views/authors/index.html.erb:6: syntax error, unexpected keyword_ensure, expecting ')'
app/views/authors/index.html.erb:8: syntax error, unexpected keyword_end, expecting ')'
Started GET "/authors" for ::1 at 2019-04-25 12:35:37 +1000
Processing by AuthorsController#index as HTML
  Rendering authors/index.html.erb within layouts/application
  Rendered authors/index.html.erb within layouts/application (1.3ms)
Completed 500 Internal Server Error in 61ms (ActiveRecord: 0.0ms)


  
SyntaxError (/mnt/c/Users/RumaPC/repos/coder_academy/ruby-challenges/projects/rails/amazing_bookstore/app/views/authors/index.html.erb:4: syntax error, unexpected keyword_end
...eze;@output_buffer.append=( end );
...                            ^~~
/mnt/c/Users/RumaPC/repos/coder_academy/ruby-challenges/projects/rails/amazing_bookstore/app/views/authors/index.html.erb:6: syntax error, unexpected keyword_ensure, expecting ')'
          ensure
          ^~~~~~
/mnt/c/Users/RumaPC/repos/coder_academy/ruby-challenges/projects/rails/amazing_bookstore/app/views/authors/index.html.erb:8: syntax error, unexpected keyword_end, expecting ')'
          end
          ^~~):
  
app/views/authors/index.html.erb:4: syntax error, unexpected keyword_end
app/views/authors/index.html.erb:6: syntax error, unexpected keyword_ensure, expecting ')'
app/views/authors/index.html.erb:8: syntax error, unexpected keyword_end, expecting ')'
Started GET "/authors" for ::1 at 2019-04-25 12:36:10 +1000
Processing by AuthorsController#index as HTML
  Rendering authors/index.html.erb within layouts/application
  [1m[36mAuthor Load (1.4ms)[0m  [1m[34mSELECT "authors".* FROM "authors"[0m
  ↳ app/views/authors/index.html.erb:2
  Rendered authors/index.html.erb within layouts/application (47.2ms)
Completed 200 OK in 200ms (Views: 166.6ms | ActiveRecord: 5.2ms)


Started GET "/authors" for ::1 at 2019-04-25 12:36:23 +1000
Processing by AuthorsController#index as HTML
  Rendering authors/index.html.erb within layouts/application
  [1m[36mAuthor Load (1.0ms)[0m  [1m[34mSELECT "authors".* FROM "authors"[0m
  ↳ app/views/authors/index.html.erb:2
  Rendered authors/index.html.erb within layouts/application (5.3ms)
Completed 200 OK in 137ms (Views: 124.1ms | ActiveRecord: 1.0ms)


Started GET "/authors" for ::1 at 2019-04-25 12:36:45 +1000
Processing by AuthorsController#index as HTML
  Rendering authors/index.html.erb within layouts/application
  [1m[36mAuthor Load (0.8ms)[0m  [1m[34mSELECT "authors".* FROM "authors"[0m
  ↳ app/views/authors/index.html.erb:2
  Rendered authors/index.html.erb within layouts/application (3.5ms)
Completed 200 OK in 126ms (Views: 108.9ms | ActiveRecord: 0.8ms)


Started GET "/authors" for ::1 at 2019-04-25 12:48:11 +1000
Processing by AuthorsController#index as HTML
  Rendering authors/index.html.erb within layouts/application
  [1m[36mAuthor Load (1.0ms)[0m  [1m[34mSELECT "authors".* FROM "authors"[0m
  ↳ app/views/authors/index.html.erb:2
  Rendered authors/index.html.erb within layouts/application (3.5ms)
Completed 200 OK in 204ms (Views: 184.9ms | ActiveRecord: 1.0ms)


  [1m[35m (1.2ms)[0m  [1m[34mSELECT "schema_migrations"."version" FROM "schema_migrations" ORDER BY "schema_migrations"."version" ASC[0m
  ↳ bin/rails:9
  [1m[35m (1.2ms)[0m  [1m[34mSELECT "ar_internal_metadata"."value" FROM "ar_internal_metadata" WHERE "ar_internal_metadata"."key" = ?[0m  [["key", "environment"]]
  ↳ bin/rails:9
  [1m[35m (0.8ms)[0m  [1m[34mSELECT "schema_migrations"."version" FROM "schema_migrations" ORDER BY "schema_migrations"."version" ASC[0m
  ↳ bin/rails:9
  [1m[35m (0.9ms)[0m  [1m[34mSELECT "ar_internal_metadata"."value" FROM "ar_internal_metadata" WHERE "ar_internal_metadata"."key" = ?[0m  [["key", "environment"]]
  ↳ bin/rails:9
  [1m[35m (0.8ms)[0m  [1m[34mSELECT "schema_migrations"."version" FROM "schema_migrations" ORDER BY "schema_migrations"."version" ASC[0m
  ↳ bin/rails:9
  [1m[35m (0.8ms)[0m  [1m[34mSELECT "ar_internal_metadata"."value" FROM "ar_internal_metadata" WHERE "ar_internal_metadata"."key" = ?[0m  [["key", "environment"]]
  ↳ bin/rails:9
  [1m[35m (120.7ms)[0m  [1m[35mDROP TABLE IF EXISTS "authors"[0m
  ↳ db/schema.rb:15
  [1m[35m (0.2ms)[0m  [1m[34mSELECT sqlite_version(*)[0m
  ↳ db/schema.rb:15
  [1m[35m (34.4ms)[0m  [1m[35mCREATE TABLE "authors" ("id" integer PRIMARY KEY AUTOINCREMENT NOT NULL, "name" varchar, "url_image" varchar, "created_at" datetime NOT NULL, "updated_at" datetime NOT NULL)[0m
  ↳ db/schema.rb:15
  [1m[35m (0.8ms)[0m  [1m[34mSELECT "schema_migrations"."version" FROM "schema_migrations" ORDER BY "schema_migrations"."version" ASC[0m
  ↳ db/schema.rb:13
  [1m[36mActiveRecord::InternalMetadata Load (0.8ms)[0m  [1m[34mSELECT  "ar_internal_metadata".* FROM "ar_internal_metadata" WHERE "ar_internal_metadata"."key" = ? LIMIT ?[0m  [["key", "environment"], ["LIMIT", 1]]
  ↳ db/schema.rb:13
  [1m[35m (0.2ms)[0m  [1m[36mbegin transaction[0m
  ↳ db/schema.rb:13
  [1m[35m (0.1ms)[0m  [1m[36mcommit transaction[0m
  ↳ db/schema.rb:13
  [1m[36mActiveRecord::InternalMetadata Load (0.8ms)[0m  [1m[34mSELECT  "ar_internal_metadata".* FROM "ar_internal_metadata" WHERE "ar_internal_metadata"."key" = ? LIMIT ?[0m  [["key", "environment"], ["LIMIT", 1]]
  ↳ bin/rails:9
  [1m[35m (0.1ms)[0m  [1m[36mbegin transaction[0m
  ↳ bin/rails:9
  [1m[35m (0.1ms)[0m  [1m[36mcommit transaction[0m
  ↳ bin/rails:9
  [1m[35m (1.5ms)[0m  [1m[35mDROP TABLE IF EXISTS "authors"[0m
  ↳ db/schema.rb:15
  [1m[35m (0.2ms)[0m  [1m[34mSELECT sqlite_version(*)[0m
  ↳ db/schema.rb:15
  [1m[35m (223.6ms)[0m  [1m[35mCREATE TABLE "authors" ("id" integer PRIMARY KEY AUTOINCREMENT NOT NULL, "name" varchar, "url_image" varchar, "created_at" datetime NOT NULL, "updated_at" datetime NOT NULL)[0m
  ↳ db/schema.rb:15
  [1m[35m (55.4ms)[0m  [1m[35mCREATE TABLE "schema_migrations" ("version" varchar NOT NULL PRIMARY KEY)[0m
  ↳ db/schema.rb:13
  [1m[35m (1.2ms)[0m  [1m[34mSELECT "schema_migrations"."version" FROM "schema_migrations" ORDER BY "schema_migrations"."version" ASC[0m
  ↳ db/schema.rb:13
  [1m[35m (63.4ms)[0m  [1m[32mINSERT INTO "schema_migrations" (version) VALUES (20190425015454)[0m
  ↳ db/schema.rb:13
  [1m[35m (41.9ms)[0m  [1m[35mCREATE TABLE "ar_internal_metadata" ("key" varchar NOT NULL PRIMARY KEY, "value" varchar, "created_at" datetime NOT NULL, "updated_at" datetime NOT NULL)[0m
  ↳ db/schema.rb:13
  [1m[36mActiveRecord::InternalMetadata Load (1.4ms)[0m  [1m[34mSELECT  "ar_internal_metadata".* FROM "ar_internal_metadata" WHERE "ar_internal_metadata"."key" = ? LIMIT ?[0m  [["key", "environment"], ["LIMIT", 1]]
  ↳ db/schema.rb:13
  [1m[35m (0.2ms)[0m  [1m[36mbegin transaction[0m
  ↳ db/schema.rb:13
  [1m[36mActiveRecord::InternalMetadata Create (4.4ms)[0m  [1m[32mINSERT INTO "ar_internal_metadata" ("key", "value", "created_at", "updated_at") VALUES (?, ?, ?, ?)[0m  [["key", "environment"], ["value", "development"], ["created_at", "2019-04-25 02:57:07.592857"], ["updated_at", "2019-04-25 02:57:07.592857"]]
  ↳ db/schema.rb:13
  [1m[35m (40.9ms)[0m  [1m[36mcommit transaction[0m
  ↳ db/schema.rb:13
  [1m[36mActiveRecord::InternalMetadata Load (1.2ms)[0m  [1m[34mSELECT  "ar_internal_metadata".* FROM "ar_internal_metadata" WHERE "ar_internal_metadata"."key" = ? LIMIT ?[0m  [["key", "environment"], ["LIMIT", 1]]
  ↳ bin/rails:9
  [1m[35m (0.2ms)[0m  [1m[36mbegin transaction[0m
  ↳ bin/rails:9
  [1m[36mActiveRecord::InternalMetadata Update (5.4ms)[0m  [1m[33mUPDATE "ar_internal_metadata" SET "value" = ?, "updated_at" = ? WHERE "ar_internal_metadata"."key" = ?[0m  [["value", "test"], ["updated_at", "2019-04-25 02:57:07.647513"], ["key", "environment"]]
  ↳ bin/rails:9
  [1m[35m (37.7ms)[0m  [1m[36mcommit transaction[0m
  ↳ bin/rails:9
  [1m[35m (1.1ms)[0m  [1m[34mSELECT "schema_migrations"."version" FROM "schema_migrations" ORDER BY "schema_migrations"."version" ASC[0m
  ↳ bin/rails:9
  [1m[35m (0.2ms)[0m  [1m[36mbegin transaction[0m
  ↳ db/seeds.rb:64
  [1m[36mAuthor Create (5.3ms)[0m  [1m[32mINSERT INTO "authors" ("name", "url_image", "created_at", "updated_at") VALUES (?, ?, ?, ?)[0m  [["name", "F. Scott Fitzgerald"], ["url_image", "https://images.gr-assets.com/authors/1517864008p5/3190.jpg"], ["created_at", "2019-04-25 02:57:07.787318"], ["updated_at", "2019-04-25 02:57:07.787318"]]
  ↳ db/seeds.rb:64
  [1m[35m (40.2ms)[0m  [1m[36mcommit transaction[0m
  ↳ db/seeds.rb:64
Started GET "/authors" for ::1 at 2019-04-25 12:57:18 +1000
Processing by AuthorsController#index as HTML
  Rendering authors/index.html.erb within layouts/application
  Rendered authors/index.html.erb within layouts/application (14.8ms)
Completed 500 Internal Server Error in 93ms (ActiveRecord: 0.0ms)


  
ActionView::Template::Error (undefined method `url_image' for nil:NilClass):
    1: <h2>Authors</h2>
    2: <div class="author">
    3: <%= image_tag @author.url_image, width: 64 %>
    4: <h2> <%= @author.name %> </h2>
    5:   <p> There are <%= pluralize @author.books.count, "book" %> by <%= @author.name %></p>
    6:   <ul>
  
app/views/authors/index.html.erb:3:in `_app_views_authors_index_html_erb__3049597421853730377_70156484522240'
Started GET "/authors" for ::1 at 2019-04-25 12:58:31 +1000
Processing by AuthorsController#index as HTML
  Rendering authors/index.html.erb within layouts/application
  [1m[36mAuthor Load (1.2ms)[0m  [1m[34mSELECT  "authors".* FROM "authors" LIMIT ?[0m  [["LIMIT", 11]]
  ↳ /usr/lib/ruby/vendor_ruby/did_you_mean/core_ext/name_error.rb:8
  Rendered authors/index.html.erb within layouts/application (44.9ms)
Completed 500 Internal Server Error in 126ms (ActiveRecord: 7.6ms)


  
ActionView::Template::Error (undefined method `url_image' for #<Author::ActiveRecord_Relation:0x00007f9d38028050>):
    1: <h2>Authors</h2>
    2: <div class="author">
    3: <%= image_tag @authors.url_image, width: 64 %>
    4: <h2> <%= @authors.name %> </h2>
    5:   <p> There are <%= pluralize @authors.books.count, "book" %> by <%= @authors.name %></p>
    6:   <ul>
  
app/views/authors/index.html.erb:3:in `_app_views_authors_index_html_erb__3049597421853730377_70156496302640'
  [1m[35m (1.0ms)[0m  [1m[34mSELECT "schema_migrations"."version" FROM "schema_migrations" ORDER BY "schema_migrations"."version" ASC[0m
  ↳ bin/rails:9
  [1m[35m (1.1ms)[0m  [1m[34mSELECT "ar_internal_metadata"."value" FROM "ar_internal_metadata" WHERE "ar_internal_metadata"."key" = ?[0m  [["key", "environment"]]
  ↳ bin/rails:9
  [1m[35m (0.6ms)[0m  [1m[34mSELECT "schema_migrations"."version" FROM "schema_migrations" ORDER BY "schema_migrations"."version" ASC[0m
  ↳ bin/rails:9
  [1m[35m (0.6ms)[0m  [1m[34mSELECT "ar_internal_metadata"."value" FROM "ar_internal_metadata" WHERE "ar_internal_metadata"."key" = ?[0m  [["key", "environment"]]
  ↳ bin/rails:9
  [1m[35m (0.6ms)[0m  [1m[34mSELECT "schema_migrations"."version" FROM "schema_migrations" ORDER BY "schema_migrations"."version" ASC[0m
  ↳ bin/rails:9
  [1m[35m (0.6ms)[0m  [1m[34mSELECT "ar_internal_metadata"."value" FROM "ar_internal_metadata" WHERE "ar_internal_metadata"."key" = ?[0m  [["key", "environment"]]
  ↳ bin/rails:9
  [1m[35m (99.0ms)[0m  [1m[35mDROP TABLE IF EXISTS "authors"[0m
  ↳ db/schema.rb:15
  [1m[35m (0.2ms)[0m  [1m[34mSELECT sqlite_version(*)[0m
  ↳ db/schema.rb:15
  [1m[35m (37.8ms)[0m  [1m[35mCREATE TABLE "authors" ("id" integer PRIMARY KEY AUTOINCREMENT NOT NULL, "name" varchar, "url_image" varchar, "created_at" datetime NOT NULL, "updated_at" datetime NOT NULL)[0m
  ↳ db/schema.rb:15
  [1m[35m (1.0ms)[0m  [1m[34mSELECT "schema_migrations"."version" FROM "schema_migrations" ORDER BY "schema_migrations"."version" ASC[0m
  ↳ db/schema.rb:13
  [1m[36mActiveRecord::InternalMetadata Load (1.1ms)[0m  [1m[34mSELECT  "ar_internal_metadata".* FROM "ar_internal_metadata" WHERE "ar_internal_metadata"."key" = ? LIMIT ?[0m  [["key", "environment"], ["LIMIT", 1]]
  ↳ db/schema.rb:13
  [1m[35m (0.1ms)[0m  [1m[36mbegin transaction[0m
  ↳ db/schema.rb:13
  [1m[35m (0.1ms)[0m  [1m[36mcommit transaction[0m
  ↳ db/schema.rb:13
  [1m[36mActiveRecord::InternalMetadata Load (0.8ms)[0m  [1m[34mSELECT  "ar_internal_metadata".* FROM "ar_internal_metadata" WHERE "ar_internal_metadata"."key" = ? LIMIT ?[0m  [["key", "environment"], ["LIMIT", 1]]
  ↳ bin/rails:9
  [1m[35m (0.1ms)[0m  [1m[36mbegin transaction[0m
  ↳ bin/rails:9
  [1m[35m (0.1ms)[0m  [1m[36mcommit transaction[0m
  ↳ bin/rails:9
  [1m[35m (65.5ms)[0m  [1m[35mDROP TABLE IF EXISTS "authors"[0m
  ↳ db/schema.rb:15
  [1m[35m (0.4ms)[0m  [1m[34mSELECT sqlite_version(*)[0m
  ↳ db/schema.rb:15
  [1m[35m (54.2ms)[0m  [1m[35mCREATE TABLE "authors" ("id" integer PRIMARY KEY AUTOINCREMENT NOT NULL, "name" varchar, "url_image" varchar, "created_at" datetime NOT NULL, "updated_at" datetime NOT NULL)[0m
  ↳ db/schema.rb:15
  [1m[35m (0.9ms)[0m  [1m[34mSELECT "schema_migrations"."version" FROM "schema_migrations" ORDER BY "schema_migrations"."version" ASC[0m
  ↳ db/schema.rb:13
  [1m[36mActiveRecord::InternalMetadata Load (1.2ms)[0m  [1m[34mSELECT  "ar_internal_metadata".* FROM "ar_internal_metadata" WHERE "ar_internal_metadata"."key" = ? LIMIT ?[0m  [["key", "environment"], ["LIMIT", 1]]
  ↳ db/schema.rb:13
  [1m[35m (0.1ms)[0m  [1m[36mbegin transaction[0m
  ↳ db/schema.rb:13
  [1m[36mActiveRecord::InternalMetadata Update (3.7ms)[0m  [1m[33mUPDATE "ar_internal_metadata" SET "value" = ?, "updated_at" = ? WHERE "ar_internal_metadata"."key" = ?[0m  [["value", "development"], ["updated_at", "2019-04-25 03:14:27.127199"], ["key", "environment"]]
  ↳ db/schema.rb:13
  [1m[35m (42.4ms)[0m  [1m[36mcommit transaction[0m
  ↳ db/schema.rb:13
  [1m[36mActiveRecord::InternalMetadata Load (1.2ms)[0m  [1m[34mSELECT  "ar_internal_metadata".* FROM "ar_internal_metadata" WHERE "ar_internal_metadata"."key" = ? LIMIT ?[0m  [["key", "environment"], ["LIMIT", 1]]
  ↳ bin/rails:9
  [1m[35m (0.1ms)[0m  [1m[36mbegin transaction[0m
  ↳ bin/rails:9
  [1m[36mActiveRecord::InternalMetadata Update (5.1ms)[0m  [1m[33mUPDATE "ar_internal_metadata" SET "value" = ?, "updated_at" = ? WHERE "ar_internal_metadata"."key" = ?[0m  [["value", "test"], ["updated_at", "2019-04-25 03:14:27.185223"], ["key", "environment"]]
  ↳ bin/rails:9
  [1m[35m (34.5ms)[0m  [1m[36mcommit transaction[0m
  ↳ bin/rails:9
  [1m[35m (1.0ms)[0m  [1m[34mSELECT "schema_migrations"."version" FROM "schema_migrations" ORDER BY "schema_migrations"."version" ASC[0m
  ↳ bin/rails:9
  [1m[35m (0.2ms)[0m  [1m[36mbegin transaction[0m
  ↳ db/seeds.rb:64
  [1m[36mAuthor Create (4.3ms)[0m  [1m[32mINSERT INTO "authors" ("name", "url_image", "created_at", "updated_at") VALUES (?, ?, ?, ?)[0m  [["name", "F. Scott Fitzgerald"], ["url_image", "https://images.gr-assets.com/authors/1517864008p5/3190.jpg"], ["created_at", "2019-04-25 03:14:27.275955"], ["updated_at", "2019-04-25 03:14:27.275955"]]
  ↳ db/seeds.rb:64
  [1m[35m (43.1ms)[0m  [1m[36mcommit transaction[0m
  ↳ db/seeds.rb:64
  [1m[35m (1.0ms)[0m  [1m[34mSELECT "schema_migrations"."version" FROM "schema_migrations" ORDER BY "schema_migrations"."version" ASC[0m
  ↳ bin/rails:9
  [1m[35m (0.1ms)[0m  [1m[36mbegin transaction[0m
  ↳ db/seeds.rb:64
  [1m[36mAuthor Create (6.7ms)[0m  [1m[32mINSERT INTO "authors" ("name", "url_image", "created_at", "updated_at") VALUES (?, ?, ?, ?)[0m  [["name", "F. Scott Fitzgerald"], ["url_image", "https://images.gr-assets.com/authors/1517864008p5/3190.jpg"], ["created_at", "2019-04-25 03:15:30.335283"], ["updated_at", "2019-04-25 03:15:30.335283"]]
  ↳ db/seeds.rb:64
  [1m[35m (32.9ms)[0m  [1m[36mcommit transaction[0m
  ↳ db/seeds.rb:64
  [1m[35m (1.0ms)[0m  [1m[34mSELECT "schema_migrations"."version" FROM "schema_migrations" ORDER BY "schema_migrations"."version" ASC[0m
  ↳ bin/rails:9
  [1m[35m (1.1ms)[0m  [1m[34mSELECT "ar_internal_metadata"."value" FROM "ar_internal_metadata" WHERE "ar_internal_metadata"."key" = ?[0m  [["key", "environment"]]
  ↳ bin/rails:9
  [1m[35m (0.6ms)[0m  [1m[34mSELECT "schema_migrations"."version" FROM "schema_migrations" ORDER BY "schema_migrations"."version" ASC[0m
  ↳ bin/rails:9
  [1m[35m (0.6ms)[0m  [1m[34mSELECT "ar_internal_metadata"."value" FROM "ar_internal_metadata" WHERE "ar_internal_metadata"."key" = ?[0m  [["key", "environment"]]
  ↳ bin/rails:9
  [1m[35m (0.6ms)[0m  [1m[34mSELECT "schema_migrations"."version" FROM "schema_migrations" ORDER BY "schema_migrations"."version" ASC[0m
  ↳ bin/rails:9
  [1m[35m (0.6ms)[0m  [1m[34mSELECT "ar_internal_metadata"."value" FROM "ar_internal_metadata" WHERE "ar_internal_metadata"."key" = ?[0m  [["key", "environment"]]
  ↳ bin/rails:9
  [1m[35m (39.1ms)[0m  [1m[35mDROP TABLE IF EXISTS "authors"[0m
  ↳ db/schema.rb:15
  [1m[35m (0.3ms)[0m  [1m[34mSELECT sqlite_version(*)[0m
  ↳ db/schema.rb:15
  [1m[35m (92.1ms)[0m  [1m[35mCREATE TABLE "authors" ("id" integer PRIMARY KEY AUTOINCREMENT NOT NULL, "name" varchar, "url_image" varchar, "created_at" datetime NOT NULL, "updated_at" datetime NOT NULL)[0m
  ↳ db/schema.rb:15
  [1m[35m (0.9ms)[0m  [1m[34mSELECT "schema_migrations"."version" FROM "schema_migrations" ORDER BY "schema_migrations"."version" ASC[0m
  ↳ db/schema.rb:13
  [1m[36mActiveRecord::InternalMetadata Load (1.0ms)[0m  [1m[34mSELECT  "ar_internal_metadata".* FROM "ar_internal_metadata" WHERE "ar_internal_metadata"."key" = ? LIMIT ?[0m  [["key", "environment"], ["LIMIT", 1]]
  ↳ db/schema.rb:13
  [1m[35m (0.2ms)[0m  [1m[36mbegin transaction[0m
  ↳ db/schema.rb:13
  [1m[35m (0.1ms)[0m  [1m[36mcommit transaction[0m
  ↳ db/schema.rb:13
  [1m[36mActiveRecord::InternalMetadata Load (0.8ms)[0m  [1m[34mSELECT  "ar_internal_metadata".* FROM "ar_internal_metadata" WHERE "ar_internal_metadata"."key" = ? LIMIT ?[0m  [["key", "environment"], ["LIMIT", 1]]
  ↳ bin/rails:9
  [1m[35m (0.1ms)[0m  [1m[36mbegin transaction[0m
  ↳ bin/rails:9
  [1m[35m (0.2ms)[0m  [1m[36mcommit transaction[0m
  ↳ bin/rails:9
  [1m[35m (52.3ms)[0m  [1m[35mDROP TABLE IF EXISTS "authors"[0m
  ↳ db/schema.rb:15
  [1m[35m (0.3ms)[0m  [1m[34mSELECT sqlite_version(*)[0m
  ↳ db/schema.rb:15
  [1m[35m (73.3ms)[0m  [1m[35mCREATE TABLE "authors" ("id" integer PRIMARY KEY AUTOINCREMENT NOT NULL, "name" varchar, "url_image" varchar, "created_at" datetime NOT NULL, "updated_at" datetime NOT NULL)[0m
  ↳ db/schema.rb:15
  [1m[35m (0.9ms)[0m  [1m[34mSELECT "schema_migrations"."version" FROM "schema_migrations" ORDER BY "schema_migrations"."version" ASC[0m
  ↳ db/schema.rb:13
  [1m[36mActiveRecord::InternalMetadata Load (1.2ms)[0m  [1m[34mSELECT  "ar_internal_metadata".* FROM "ar_internal_metadata" WHERE "ar_internal_metadata"."key" = ? LIMIT ?[0m  [["key", "environment"], ["LIMIT", 1]]
  ↳ db/schema.rb:13
  [1m[35m (0.1ms)[0m  [1m[36mbegin transaction[0m
  ↳ db/schema.rb:13
  [1m[36mActiveRecord::InternalMetadata Update (3.6ms)[0m  [1m[33mUPDATE "ar_internal_metadata" SET "value" = ?, "updated_at" = ? WHERE "ar_internal_metadata"."key" = ?[0m  [["value", "development"], ["updated_at", "2019-04-25 03:15:42.967356"], ["key", "environment"]]
  ↳ db/schema.rb:13
  [1m[35m (71.0ms)[0m  [1m[36mcommit transaction[0m
  ↳ db/schema.rb:13
  [1m[36mActiveRecord::InternalMetadata Load (10.6ms)[0m  [1m[34mSELECT  "ar_internal_metadata".* FROM "ar_internal_metadata" WHERE "ar_internal_metadata"."key" = ? LIMIT ?[0m  [["key", "environment"], ["LIMIT", 1]]
  ↳ bin/rails:9
  [1m[35m (0.1ms)[0m  [1m[36mbegin transaction[0m
  ↳ bin/rails:9
  [1m[36mActiveRecord::InternalMetadata Update (6.6ms)[0m  [1m[33mUPDATE "ar_internal_metadata" SET "value" = ?, "updated_at" = ? WHERE "ar_internal_metadata"."key" = ?[0m  [["value", "test"], ["updated_at", "2019-04-25 03:15:43.075784"], ["key", "environment"]]
  ↳ bin/rails:9
  [1m[35m (31.4ms)[0m  [1m[36mcommit transaction[0m
  ↳ bin/rails:9
  [1m[35m (0.7ms)[0m  [1m[34mSELECT "schema_migrations"."version" FROM "schema_migrations" ORDER BY "schema_migrations"."version" ASC[0m
  ↳ bin/rails:9
  [1m[35m (0.1ms)[0m  [1m[36mbegin transaction[0m
  ↳ db/seeds.rb:64
  [1m[36mAuthor Create (3.9ms)[0m  [1m[32mINSERT INTO "authors" ("name", "url_image", "created_at", "updated_at") VALUES (?, ?, ?, ?)[0m  [["name", "F. Scott Fitzgerald"], ["url_image", "https://images.gr-assets.com/authors/1517864008p5/3190.jpg"], ["created_at", "2019-04-25 03:15:43.166114"], ["updated_at", "2019-04-25 03:15:43.166114"]]
  ↳ db/seeds.rb:64
  [1m[35m (42.2ms)[0m  [1m[36mcommit transaction[0m
  ↳ db/seeds.rb:64
Started GET "/authors" for ::1 at 2019-04-25 13:15:47 +1000
Processing by AuthorsController#index as HTML
  Rendering authors/index.html.erb within layouts/application
  [1m[36mAuthor Load (0.9ms)[0m  [1m[34mSELECT  "authors".* FROM "authors" LIMIT ?[0m  [["LIMIT", 11]]
  ↳ /usr/lib/ruby/vendor_ruby/did_you_mean/core_ext/name_error.rb:8
  Rendered authors/index.html.erb within layouts/application (52.2ms)
Completed 500 Internal Server Error in 108ms (ActiveRecord: 6.7ms)


  
ActionView::Template::Error (undefined method `url_image' for #<Author::ActiveRecord_Relation:0x00007f9d299653c0>):
    1: <h2>Authors</h2>
    2: <div class="author">
    3: <%= image_tag @authors.url_image, width: 64 %>
    4: <h2> <%= @authors.name %> </h2>
    5:   <p> There are <%= pluralize @authors.books.count, "book" %> by <%= @authors.name %></p>
    6:   <ul>
  
app/views/authors/index.html.erb:3:in `_app_views_authors_index_html_erb__3049597421853730377_70156492127660'
Started GET "/authors" for ::1 at 2019-04-25 13:24:19 +1000
Processing by AuthorsController#index as HTML
  Rendering authors/index.html.erb within layouts/application
  [1m[36mAuthor Load (2.9ms)[0m  [1m[34mSELECT "authors".* FROM "authors"[0m
  ↳ app/views/authors/index.html.erb:5
  Rendered authors/index.html.erb within layouts/application (30.9ms)
Completed 200 OK in 187ms (Views: 145.4ms | ActiveRecord: 9.8ms)


Started GET "/authors" for ::1 at 2019-04-26 09:04:10 +1000
Processing by AuthorsController#index as HTML
  Rendering authors/index.html.erb within layouts/application
  [1m[36mAuthor Load (14.1ms)[0m  [1m[34mSELECT "authors".* FROM "authors"[0m
  ↳ app/views/authors/index.html.erb:5
  Rendered authors/index.html.erb within layouts/application (112.0ms)
Completed 200 OK in 568ms (Views: 449.3ms | ActiveRecord: 14.1ms)


